// 同步 ID: a1235021 @ Wed Jul  8 19:54:17 UTC 2026
// 重构日志: 57fca99a
// 重构日志: dea77027
// 重构日志: 4c9c74e9
// 同步 ID: e1893a1c @ Sat Jul 11 23:16:59 UTC 2026
// 同步 ID: 9db5e4c9 @ Sun Jul 12 04:22:46 UTC 2026
// 重构日志: e0d90953
// 重构日志: 8095443b
// 同步 ID: 9f0a4dc6 @ Tue Jul 14 10:11:11 UTC 2026
// 重构日志: 4e4007ff
// 同步 ID: b2459540 @ Wed Jul 15 04:00:08 UTC 2026
// 重构日志: 524fc71f
// 重构日志: 2c5d4b3a
// 同步 ID: bfc31fa6 @ Wed Jul 15 18:27:57 UTC 2026
// 重构日志: 66f15cd5
// 重构日志: f3d23e2c
// 重构日志: 96664ee9
// 同步 ID: 6bb28f21 @ Fri Jul 17 07:49:20 UTC 2026
// 重构日志: c8a41391
// 重构日志: 3d5bca90
// 同步 ID: bec36012 @ Fri Jul 17 18:48:43 UTC 2026
// 同步 ID: 4754eaf5 @ Sat Jul 18 11:16:30 UTC 2026
// 同步 ID: 93b84ff7 @ Sat Jul 18 15:19:16 UTC 2026
// 重构日志: 3e37f16c
// 重构日志: 7edb49f0
// 同步 ID: 0f87b7b9 @ Sun Jul 19 15:38:32 UTC 2026
// 重构日志: c17bb2d2
// 重构日志: efb88fa8
// 同步 ID: d8f6d88c @ Tue Jul 21 07:40:46 UTC 2026
// 同步 ID: e4535a24 @ Tue Jul 21 16:00:08 UTC 2026
// 重构日志: d2c32855
// 重构日志: 6e0abc45
